<?xml version="1.0" encoding="utf-8"?><testsuites name="pytest tests"><testsuite name="pytest" errors="0" failures="0" skipped="0" tests="5" time="2.185" timestamp="2026-08-21T10:32:13.024575+00:00" hostname="agent-env-57700141-3f2c-4901-b8cc-3582edf39214"><testcase classname="backend.tests.test_document_sections.TestTemplateHeaderTable" name="test_create_template_with_sections" time="1.046" /><testcase classname="backend.tests.test_document_sections.TestTemplateHeaderTable" name="test_update_template_increments_version_preserves_sections" time="0.204" /><testcase classname="backend.tests.test_document_sections.TestDocumentFillHeaderTable" name="test_submit_with_header_and_table_rows" time="0.580" /><testcase classname="backend.tests.test_document_sections.TestDocumentFillHeaderTable" name="test_pdf_export_with_table" time="0.134" /><testcase classname="backend.tests.test_document_sections.TestCleanup" name="test_delete_template" time="0.165" /></testsuite></testsuites>