<?xml version="1.0" encoding="utf-8"?><testsuites name="pytest tests"><testsuite name="pytest" errors="0" failures="0" skipped="1" tests="10" time="7.385" timestamp="2026-04-13T17:40:19.422884+00:00" hostname="agent-env-57700141-3f2c-4901-b8cc-3582edf39214"><testcase classname="backend.tests.test_new_features.TestAuth" name="test_login_success" time="0.485" /><testcase classname="backend.tests.test_new_features.TestAuditOverview" name="test_get_audits_list" time="0.451" /><testcase classname="backend.tests.test_new_features.TestAuditOverview" name="test_get_audit_runs_endpoint" time="0.682" /><testcase classname="backend.tests.test_new_features.TestAuditOverview" name="test_audit_runs_date_filter" time="0.788" /><testcase classname="backend.tests.test_new_features.TestAuditOverview" name="test_audit_runs_pass_status_filter" time="0.992" /><testcase classname="backend.tests.test_new_features.TestScoringSystem" name="test_create_audit_with_pass_rate" time="0.560" /><testcase classname="backend.tests.test_new_features.TestScoringSystem" name="test_run_audit_with_pass_fail" time="0.845" /><testcase classname="backend.tests.test_new_features.TestSignatureSignOff" name="test_submit_audit_with_signature" time="0.967" /><testcase classname="backend.tests.test_new_features.TestSignatureSignOff" name="test_negative_response_requires_comment" time="0.953" /><testcase classname="backend.tests.test_new_features.TestPDFExport" name="test_pdf_export_with_signature" time="0.553"><skipped type="pytest.skip" message="Run audit references deleted audit template">/app/backend/tests/test_new_features.py:483: Run audit references deleted audit template</skipped></testcase></testsuite></testsuites>