<?xml version="1.0" encoding="utf-8"?><testsuites name="pytest tests"><testsuite name="pytest" errors="0" failures="2" skipped="0" tests="18" time="5.191" timestamp="2026-01-14T07:33:32.377134+00:00" hostname="agent-env-05d117f4-a8de-488a-b675-1f5bd9d635a2"><testcase classname="tests.test_infinit_audit_api.TestHealthAndAuth" name="test_health_endpoint" time="0.074" /><testcase classname="tests.test_infinit_audit_api.TestHealthAndAuth" name="test_root_endpoint" time="0.038" /><testcase classname="tests.test_infinit_audit_api.TestHealthAndAuth" name="test_login_success" time="0.264" /><testcase classname="tests.test_infinit_audit_api.TestHealthAndAuth" name="test_login_invalid_credentials" time="0.047" /><testcase classname="tests.test_infinit_audit_api.TestHealthAndAuth" name="test_get_me_authenticated" time="0.345" /><testcase classname="tests.test_infinit_audit_api.TestDashboard" name="test_dashboard_stats" time="0.314" /><testcase classname="tests.test_infinit_audit_api.TestAudits" name="test_get_audits" time="0.308" /><testcase classname="tests.test_infinit_audit_api.TestAudits" name="test_create_audit" time="0.330" /><testcase classname="tests.test_infinit_audit_api.TestRunAudits" name="test_get_run_audits" time="0.303" /><testcase classname="tests.test_infinit_audit_api.TestRunAudits" name="test_get_completed_run_audits" time="0.303" /><testcase classname="tests.test_infinit_audit_api.TestReportsAndPDF" name="test_pdf_export" time="0.349"><failure message="assert 404 == 200&#10; +  where 404 = &lt;Response [404]&gt;.status_code">tests/test_infinit_audit_api.py:221: in test_pdf_export
    assert pdf_response.status_code == 200
E   assert 404 == 200
E    +  where 404 = &lt;Response [404]&gt;.status_code</failure></testcase><testcase classname="tests.test_infinit_audit_api.TestReportsAndPDF" name="test_run_audit_details" time="0.372"><failure message="assert 404 == 200&#10; +  where 404 = &lt;Response [404]&gt;.status_code">tests/test_infinit_audit_api.py:243: in test_run_audit_details
    assert details_response.status_code == 200
E   assert 404 == 200
E    +  where 404 = &lt;Response [404]&gt;.status_code</failure></testcase><testcase classname="tests.test_infinit_audit_api.TestResponseGroups" name="test_get_response_groups" time="0.319" /><testcase classname="tests.test_infinit_audit_api.TestAuditTypes" name="test_get_audit_types" time="0.303" /><testcase classname="tests.test_infinit_audit_api.TestCompanies" name="test_get_companies" time="0.345" /><testcase classname="tests.test_infinit_audit_api.TestScheduledAudits" name="test_get_scheduled_audits" time="0.327" /><testcase classname="tests.test_infinit_audit_api.TestScheduledAudits" name="test_get_my_schedule" time="0.311" /><testcase classname="tests.test_infinit_audit_api.TestUsers" name="test_get_users" time="0.303" /></testsuite></testsuites>