<?xml version="1.0" encoding="utf-8"?><testsuites name="pytest tests"><testsuite name="pytest" errors="0" failures="0" skipped="0" tests="10" time="4.137" timestamp="2026-08-20T22:38:37.857633+00:00" hostname="agent-env-57700141-3f2c-4901-b8cc-3582edf39214"><testcase classname="backend.tests.test_traceability.TestTraceabilityTemplates" name="test_list_templates" time="0.699" /><testcase classname="backend.tests.test_traceability.TestTraceabilityTemplates" name="test_production_line_checklist_exists" time="0.198" /><testcase classname="backend.tests.test_traceability.TestTraceabilityTemplates" name="test_create_template_full_lifecycle" time="1.126" /><testcase classname="backend.tests.test_traceability.TestTraceabilityTemplates" name="test_delete_nonexistent_template" time="0.160" /><testcase classname="backend.tests.test_traceability.TestTraceabilityDocuments" name="test_create_document_from_template" time="0.319" /><testcase classname="backend.tests.test_traceability.TestTraceabilityDocuments" name="test_submit_document" time="0.432" /><testcase classname="backend.tests.test_traceability.TestTraceabilityDocuments" name="test_list_documents" time="0.147" /><testcase classname="backend.tests.test_traceability.TestTraceabilityDocuments" name="test_list_documents_filtered_by_template" time="0.177" /><testcase classname="backend.tests.test_traceability.TestTraceabilityDocuments" name="test_pdf_export" time="0.497" /><testcase classname="backend.tests.test_traceability.TestTraceabilityDocuments" name="test_document_not_found" time="0.240" /></testsuite></testsuites>